This is pdfTeX, Version 3.141592653-2.6-1.40.26 (TeX Live 2025/dev/Debian) (preloaded format=pdflatex 2026.1.2)  16 JAN 2026 21:22
entering extended mode
 restricted \write18 enabled.
 %&-line parsing enabled.
**main.tex
(./main.tex
LaTeX2e <2024-11-01> patch level 2
L3 programming layer <2025-01-18>
(/usr/share/texlive/texmf-dist/tex/latex/base/report.cls
Document Class: report 2024/06/29 v1.4n Standard LaTeX document class
(/usr/share/texlive/texmf-dist/tex/latex/base/size12.clo
File: size12.clo 2024/06/29 v1.4n Standard LaTeX file (size option)
)
\c@part=\count196
\c@chapter=\count197
\c@section=\count198
\c@subsection=\count199
\c@subsubsection=\count266
\c@paragraph=\count267
\c@subparagraph=\count268
\c@figure=\count269
\c@table=\count270
\abovecaptionskip=\skip49
\belowcaptionskip=\skip50
\bibindent=\dimen141
) (./preamble.tex
(/usr/share/texlive/texmf-dist/tex/latex/psnfss/mathptmx.sty
Package: mathptmx 2020/03/25 PSNFSS-v9.3 Times w/ Math, improved (SPQR, WaS) 
LaTeX Font Info:    Redeclaring symbol font `operators' on input line 28.
LaTeX Font Info:    Overwriting symbol font `operators' in version `normal'
(Font)                  OT1/cmr/m/n --> OT1/ztmcm/m/n on input line 28.
LaTeX Font Info:    Overwriting symbol font `operators' in version `bold'
(Font)                  OT1/cmr/bx/n --> OT1/ztmcm/m/n on input line 28.
LaTeX Font Info:    Redeclaring symbol font `letters' on input line 29.
LaTeX Font Info:    Overwriting symbol font `letters' in version `normal'
(Font)                  OML/cmm/m/it --> OML/ztmcm/m/it on input line 29.
LaTeX Font Info:    Overwriting symbol font `letters' in version `bold'
(Font)                  OML/cmm/b/it --> OML/ztmcm/m/it on input line 29.
LaTeX Font Info:    Redeclaring symbol font `symbols' on input line 30.
LaTeX Font Info:    Overwriting symbol font `symbols' in version `normal'
(Font)                  OMS/cmsy/m/n --> OMS/ztmcm/m/n on input line 30.
LaTeX Font Info:    Overwriting symbol font `symbols' in version `bold'
(Font)                  OMS/cmsy/b/n --> OMS/ztmcm/m/n on input line 30.
LaTeX Font Info:    Redeclaring symbol font `largesymbols' on input line 31.
LaTeX Font Info:    Overwriting symbol font `largesymbols' in version `normal'
(Font)                  OMX/cmex/m/n --> OMX/ztmcm/m/n on input line 31.
LaTeX Font Info:    Overwriting symbol font `largesymbols' in version `bold'
(Font)                  OMX/cmex/m/n --> OMX/ztmcm/m/n on input line 31.
\symbold=\mathgroup4
\symitalic=\mathgroup5
LaTeX Font Info:    Redeclaring math alphabet \mathbf on input line 34.
LaTeX Font Info:    Overwriting math alphabet `\mathbf' in version `normal'
(Font)                  OT1/cmr/bx/n --> OT1/ptm/bx/n on input line 34.
LaTeX Font Info:    Overwriting math alphabet `\mathbf' in version `bold'
(Font)                  OT1/cmr/bx/n --> OT1/ptm/bx/n on input line 34.
LaTeX Font Info:    Redeclaring math alphabet \mathit on input line 35.
LaTeX Font Info:    Overwriting math alphabet `\mathit' in version `normal'
(Font)                  OT1/cmr/m/it --> OT1/ptm/m/it on input line 35.
LaTeX Font Info:    Overwriting math alphabet `\mathit' in version `bold'
(Font)                  OT1/cmr/bx/it --> OT1/ptm/m/it on input line 35.
LaTeX Info: Redefining \hbar on input line 50.
)
(/usr/share/texlive/texmf-dist/tex/latex/base/fontenc.sty
Package: fontenc 2021/04/29 v2.0v Standard LaTeX package
LaTeX Font Info:    Trying to load font information for T1+ptm on input line 11
6.

(/usr/share/texlive/texmf-dist/tex/latex/psnfss/t1ptm.fd
File: t1ptm.fd 2001/06/04 font definitions for T1/ptm.
))
(/usr/share/texlive/texmf-dist/tex/latex/geometry/geometry.sty
Package: geometry 2020/01/02 v5.9 Page Geometry

(/usr/share/texlive/texmf-dist/tex/latex/graphics/keyval.sty
Package: keyval 2022/05/29 v1.15 key=value parser (DPC)
\KV@toks@=\toks17
)
(/usr/share/texlive/texmf-dist/tex/generic/iftex/ifvtex.sty
Package: ifvtex 2019/10/25 v1.7 ifvtex legacy package. Use iftex instead.

(/usr/share/texlive/texmf-dist/tex/generic/iftex/iftex.sty
Package: iftex 2024/12/12 v1.0g TeX engine tests
))
\Gm@cnth=\count271
\Gm@cntv=\count272
\c@Gm@tempcnt=\count273
\Gm@bindingoffset=\dimen142
\Gm@wd@mp=\dimen143
\Gm@odd@mp=\dimen144
\Gm@even@mp=\dimen145
\Gm@layoutwidth=\dimen146
\Gm@layoutheight=\dimen147
\Gm@layouthoffset=\dimen148
\Gm@layoutvoffset=\dimen149
\Gm@dimlist=\toks18
)
(/usr/share/texlive/texmf-dist/tex/latex/setspace/setspace.sty
Package: setspace 2022/12/04 v6.7b set line spacing
)
(/usr/share/texlive/texmf-dist/tex/latex/ragged2e/ragged2e.sty
Package: ragged2e 2023/06/22 v3.6 ragged2e Package
\CenteringLeftskip=\skip51
\RaggedLeftLeftskip=\skip52
\RaggedRightLeftskip=\skip53
\CenteringRightskip=\skip54
\RaggedLeftRightskip=\skip55
\RaggedRightRightskip=\skip56
\CenteringParfillskip=\skip57
\RaggedLeftParfillskip=\skip58
\RaggedRightParfillskip=\skip59
\JustifyingParfillskip=\skip60
\CenteringParindent=\skip61
\RaggedLeftParindent=\skip62
\RaggedRightParindent=\skip63
\JustifyingParindent=\skip64
)
(/usr/share/texlive/texmf-dist/tex/latex/graphics/graphicx.sty
Package: graphicx 2021/09/16 v1.2d Enhanced LaTeX Graphics (DPC,SPQR)

(/usr/share/texlive/texmf-dist/tex/latex/graphics/graphics.sty
Package: graphics 2024/08/06 v1.4g Standard LaTeX Graphics (DPC,SPQR)

(/usr/share/texlive/texmf-dist/tex/latex/graphics/trig.sty
Package: trig 2023/12/02 v1.11 sin cos tan (DPC)
)
(/usr/share/texlive/texmf-dist/tex/latex/graphics-cfg/graphics.cfg
File: graphics.cfg 2016/06/04 v1.11 sample graphics configuration
)
Package graphics Info: Driver file: pdftex.def on input line 106.

(/usr/share/texlive/texmf-dist/tex/latex/graphics-def/pdftex.def
File: pdftex.def 2024/04/13 v1.2c Graphics/color driver for pdftex
))
\Gin@req@height=\dimen150
\Gin@req@width=\dimen151
)
(/usr/share/texlive/texmf-dist/tex/latex/booktabs/booktabs.sty
Package: booktabs 2020/01/12 v1.61803398 Publication quality tables
\heavyrulewidth=\dimen152
\lightrulewidth=\dimen153
\cmidrulewidth=\dimen154
\belowrulesep=\dimen155
\belowbottomsep=\dimen156
\aboverulesep=\dimen157
\abovetopsep=\dimen158
\cmidrulesep=\dimen159
\cmidrulekern=\dimen160
\defaultaddspace=\dimen161
\@cmidla=\count274
\@cmidlb=\count275
\@aboverulesep=\dimen162
\@belowrulesep=\dimen163
\@thisruleclass=\count276
\@lastruleclass=\count277
\@thisrulewidth=\dimen164
)
(/usr/share/texlive/texmf-dist/tex/latex/tools/longtable.sty
Package: longtable 2024-10-27 v4.22 Multi-page Table package (DPC)
\LTleft=\skip65
\LTright=\skip66
\LTpre=\skip67
\LTpost=\skip68
\LTchunksize=\count278
\LTcapwidth=\dimen165
\LT@head=\box52
\LT@firsthead=\box53
\LT@foot=\box54
\LT@lastfoot=\box55
\LT@gbox=\box56
\LT@cols=\count279
\LT@rows=\count280
\c@LT@tables=\count281
\c@LT@chunks=\count282
\LT@p@ftn=\toks19
)
(/usr/share/texlive/texmf-dist/tex/latex/tools/array.sty
Package: array 2024/10/17 v2.6g Tabular extension package (FMi)
\col@sep=\dimen166
\ar@mcellbox=\box57
\extrarowheight=\dimen167
\NC@list=\toks20
\extratabsurround=\skip69
\backup@length=\skip70
\ar@cellbox=\box58
)
(/usr/share/texlive/texmf-dist/tex/latex/multirow/multirow.sty
Package: multirow 2024/11/12 v2.9 Span multiple rows of a table
\multirow@colwidth=\skip71
\multirow@cntb=\count283
\multirow@dima=\skip72
\bigstrutjot=\dimen168
)
(/usr/share/texlive/texmf-dist/tex/latex/tools/tabularx.sty
Package: tabularx 2023/12/11 v2.12a `tabularx' package (DPC)
\TX@col@width=\dimen169
\TX@old@table=\dimen170
\TX@old@col=\dimen171
\TX@target=\dimen172
\TX@delta=\dimen173
\TX@cols=\count284
\TX@ftn=\toks21
)
(/usr/share/texlive/texmf-dist/tex/latex/xcolor/xcolor.sty
Package: xcolor 2024/09/29 v3.02 LaTeX color extensions (UK)

(/usr/share/texlive/texmf-dist/tex/latex/graphics-cfg/color.cfg
File: color.cfg 2016/01/02 v1.6 sample color configuration
)
Package xcolor Info: Driver file: pdftex.def on input line 274.

(/usr/share/texlive/texmf-dist/tex/latex/graphics/mathcolor.ltx)
Package xcolor Info: Model `cmy' substituted by `cmy0' on input line 1349.
Package xcolor Info: Model `hsb' substituted by `rgb' on input line 1353.
Package xcolor Info: Model `RGB' extended on input line 1365.
Package xcolor Info: Model `HTML' substituted by `rgb' on input line 1367.
Package xcolor Info: Model `Hsb' substituted by `hsb' on input line 1368.
Package xcolor Info: Model `tHsb' substituted by `hsb' on input line 1369.
Package xcolor Info: Model `HSB' substituted by `hsb' on input line 1370.
Package xcolor Info: Model `Gray' substituted by `gray' on input line 1371.
Package xcolor Info: Model `wave' substituted by `hsb' on input line 1372.
)
(/usr/share/texlive/texmf-dist/tex/latex/graphics/dvipsnam.def
File: dvipsnam.def 2016/06/17 v3.0m Driver-dependent file (DPC,SPQR)
)
(/usr/share/texlive/texmf-dist/tex/latex/colortbl/colortbl.sty
Package: colortbl 2024/07/06 v1.0i Color table columns (DPC)
\everycr=\toks22
\minrowclearance=\skip73
\rownum=\count285
)
(/usr/share/texlive/texmf-dist/tex/latex/listings/listings.sty
\lst@mode=\count286
\lst@gtempboxa=\box59
\lst@token=\toks23
\lst@length=\count287
\lst@currlwidth=\dimen174
\lst@column=\count288
\lst@pos=\count289
\lst@lostspace=\dimen175
\lst@width=\dimen176
\lst@newlines=\count290
\lst@lineno=\count291
\lst@maxwidth=\dimen177

(/usr/share/texlive/texmf-dist/tex/latex/listings/lstpatch.sty
File: lstpatch.sty 2024/09/23 1.10c (Carsten Heinz)
)
(/usr/share/texlive/texmf-dist/tex/latex/listings/lstmisc.sty
File: lstmisc.sty 2024/09/23 1.10c (Carsten Heinz)
\c@lstnumber=\count292
\lst@skipnumbers=\count293
\lst@framebox=\box60
)
(/usr/share/texlive/texmf-dist/tex/latex/listings/listings.cfg
File: listings.cfg 2024/09/23 1.10c listings configuration
))
Package: listings 2024/09/23 1.10c (Carsten Heinz)

(/usr/share/texlive/texmf-dist/tex/latex/hyperref/hyperref.sty
Package: hyperref 2024-11-05 v7.01l Hypertext links for LaTeX

(/usr/share/texlive/texmf-dist/tex/latex/kvsetkeys/kvsetkeys.sty
Package: kvsetkeys 2022-10-05 v1.19 Key value parser (HO)
)
(/usr/share/texlive/texmf-dist/tex/generic/kvdefinekeys/kvdefinekeys.sty
Package: kvdefinekeys 2019-12-19 v1.6 Define keys (HO)
)
(/usr/share/texlive/texmf-dist/tex/generic/pdfescape/pdfescape.sty
Package: pdfescape 2019/12/09 v1.15 Implements pdfTeX's escape features (HO)

(/usr/share/texlive/texmf-dist/tex/generic/ltxcmds/ltxcmds.sty
Package: ltxcmds 2023-12-04 v1.26 LaTeX kernel commands for general use (HO)
)
(/usr/share/texlive/texmf-dist/tex/generic/pdftexcmds/pdftexcmds.sty
Package: pdftexcmds 2020-06-27 v0.33 Utility functions of pdfTeX for LuaTeX (HO
)

(/usr/share/texlive/texmf-dist/tex/generic/infwarerr/infwarerr.sty
Package: infwarerr 2019/12/03 v1.5 Providing info/warning/error messages (HO)
)
Package pdftexcmds Info: \pdf@primitive is available.
Package pdftexcmds Info: \pdf@ifprimitive is available.
Package pdftexcmds Info: \pdfdraftmode found.
))
(/usr/share/texlive/texmf-dist/tex/latex/hycolor/hycolor.sty
Package: hycolor 2020-01-27 v1.10 Color options for hyperref/bookmark (HO)
)
(/usr/share/texlive/texmf-dist/tex/latex/hyperref/nameref.sty
Package: nameref 2023-11-26 v2.56 Cross-referencing by name of section

(/usr/share/texlive/texmf-dist/tex/latex/refcount/refcount.sty
Package: refcount 2019/12/15 v3.6 Data extraction from label references (HO)
)
(/usr/share/texlive/texmf-dist/tex/generic/gettitlestring/gettitlestring.sty
Package: gettitlestring 2019/12/15 v1.6 Cleanup title references (HO)

(/usr/share/texlive/texmf-dist/tex/latex/kvoptions/kvoptions.sty
Package: kvoptions 2022-06-15 v3.15 Key value format for package options (HO)
))
\c@section@level=\count294
)
(/usr/share/texlive/texmf-dist/tex/latex/etoolbox/etoolbox.sty
Package: etoolbox 2025/02/11 v2.5l e-TeX tools for LaTeX (JAW)
\etb@tempcnta=\count295
)
(/usr/share/texlive/texmf-dist/tex/generic/stringenc/stringenc.sty
Package: stringenc 2019/11/29 v1.12 Convert strings between diff. encodings (HO
)
)
\@linkdim=\dimen178
\Hy@linkcounter=\count296
\Hy@pagecounter=\count297

(/usr/share/texlive/texmf-dist/tex/latex/hyperref/pd1enc.def
File: pd1enc.def 2024-11-05 v7.01l Hyperref: PDFDocEncoding definition (HO)
Now handling font encoding PD1 ...
... no UTF-8 mapping file for font encoding PD1
)
(/usr/share/texlive/texmf-dist/tex/generic/intcalc/intcalc.sty
Package: intcalc 2019/12/15 v1.3 Expandable calculations with integers (HO)
)
\Hy@SavedSpaceFactor=\count298

(/usr/share/texlive/texmf-dist/tex/latex/hyperref/puenc.def
File: puenc.def 2024-11-05 v7.01l Hyperref: PDF Unicode definition (HO)
Now handling font encoding PU ...
... no UTF-8 mapping file for font encoding PU
)
Package hyperref Info: Hyper figures OFF on input line 4157.
Package hyperref Info: Link nesting OFF on input line 4162.
Package hyperref Info: Hyper index ON on input line 4165.
Package hyperref Info: Plain pages OFF on input line 4172.
Package hyperref Info: Backreferencing OFF on input line 4177.
Package hyperref Info: Implicit mode ON; LaTeX internals redefined.
Package hyperref Info: Bookmarks ON on input line 4424.
\c@Hy@tempcnt=\count299

(/usr/share/texlive/texmf-dist/tex/latex/url/url.sty
\Urlmuskip=\muskip17
Package: url 2013/09/16  ver 3.4  Verb mode for urls, etc.
)
LaTeX Info: Redefining \url on input line 4763.
\XeTeXLinkMargin=\dimen179

(/usr/share/texlive/texmf-dist/tex/generic/bitset/bitset.sty
Package: bitset 2019/12/09 v1.3 Handle bit-vector datatype (HO)

(/usr/share/texlive/texmf-dist/tex/generic/bigintcalc/bigintcalc.sty
Package: bigintcalc 2019/12/15 v1.5 Expandable calculations on big integers (HO
)
))
\Fld@menulength=\count300
\Field@Width=\dimen180
\Fld@charsize=\dimen181
Package hyperref Info: Hyper figures OFF on input line 6042.
Package hyperref Info: Link nesting OFF on input line 6047.
Package hyperref Info: Hyper index ON on input line 6050.
Package hyperref Info: backreferencing OFF on input line 6057.
Package hyperref Info: Link coloring OFF on input line 6062.
Package hyperref Info: Link coloring with OCG OFF on input line 6067.
Package hyperref Info: PDF/A mode OFF on input line 6072.

(/usr/share/texlive/texmf-dist/tex/latex/base/atbegshi-ltx.sty
Package: atbegshi-ltx 2021/01/10 v1.0c Emulation of the original atbegshi
package with kernel methods
)
\Hy@abspage=\count301
\c@Item=\count302
\c@Hfootnote=\count303
)
Package hyperref Info: Driver (autodetected): hpdftex.

(/usr/share/texlive/texmf-dist/tex/latex/hyperref/hpdftex.def
File: hpdftex.def 2024-11-05 v7.01l Hyperref driver for pdfTeX

(/usr/share/texlive/texmf-dist/tex/latex/base/atveryend-ltx.sty
Package: atveryend-ltx 2020/08/19 v1.0a Emulation of the original atveryend pac
kage
with kernel methods
)
\Fld@listcount=\count304
\c@bookmark@seq@number=\count305

(/usr/share/texlive/texmf-dist/tex/latex/rerunfilecheck/rerunfilecheck.sty
Package: rerunfilecheck 2022-07-10 v1.10 Rerun checks for auxiliary files (HO)

(/usr/share/texlive/texmf-dist/tex/generic/uniquecounter/uniquecounter.sty
Package: uniquecounter 2019/12/15 v1.4 Provide unlimited unique counter (HO)
)
Package uniquecounter Info: New unique counter `rerunfilecheck' on input line 2
85.
)
\Hy@SectionHShift=\skip74
)
Package hyperref Info: Option `colorlinks' set `true' on input line 84.

(/usr/share/texlive/texmf-dist/tex/latex/cite/cite.sty
LaTeX Info: Redefining \cite on input line 302.
LaTeX Info: Redefining \nocite on input line 332.
Package: cite 2015/02/27  v 5.5
)
(/usr/share/texlive/texmf-dist/tex/latex/caption/caption.sty
Package: caption 2023/08/05 v3.6o Customizing captions (AR)

(/usr/share/texlive/texmf-dist/tex/latex/caption/caption3.sty
Package: caption3 2023/07/31 v2.4d caption3 kernel (AR)
\caption@tempdima=\dimen182
\captionmargin=\dimen183
\caption@leftmargin=\dimen184
\caption@rightmargin=\dimen185
\caption@width=\dimen186
\caption@indent=\dimen187
\caption@parindent=\dimen188
\caption@hangindent=\dimen189
Package caption Info: Standard document class detected.
)
\c@caption@flags=\count306
\c@continuedfloat=\count307
Package caption Info: hyperref package is loaded.
Package caption Info: listings package is loaded.
Package caption Info: longtable package is loaded.

(/usr/share/texlive/texmf-dist/tex/latex/caption/ltcaption.sty
Package: ltcaption 2021/01/08 v1.4c longtable captions (AR)
))
(/usr/share/texlive/texmf-dist/tex/latex/fancyhdr/fancyhdr.sty
Package: fancyhdr 2025/02/07 v5.2 Extensive control of page headers and footers

\f@nch@headwidth=\skip75
\f@nch@offset@elh=\skip76
\f@nch@offset@erh=\skip77
\f@nch@offset@olh=\skip78
\f@nch@offset@orh=\skip79
\f@nch@offset@elf=\skip80
\f@nch@offset@erf=\skip81
\f@nch@offset@olf=\skip82
\f@nch@offset@orf=\skip83
\f@nch@height=\skip84
\f@nch@footalignment=\skip85
\f@nch@widthL=\skip86
\f@nch@widthC=\skip87
\f@nch@widthR=\skip88
\@temptokenb=\toks24
)
(/usr/share/texlive/texmf-dist/tex/latex/titlesec/titlesec.sty
Package: titlesec 2025/01/04 v2.17 Sectioning titles
\ttl@box=\box61
\beforetitleunit=\skip89
\aftertitleunit=\skip90
\ttl@plus=\dimen190
\ttl@minus=\dimen191
\ttl@toksa=\toks25
\titlewidth=\dimen192
\titlewidthlast=\dimen193
\titlewidthfirst=\dimen194
)
(/usr/share/texlive/texmf-dist/tex/latex/float/float.sty
Package: float 2001/11/08 v1.3d Float enhancements (AL)
\c@float@type=\count308
\float@exts=\toks26
\float@box=\box62
\@float@everytoks=\toks27
\@floatcapt=\box63
)
(/usr/share/texlive/texmf-dist/tex/latex/placeins/placeins.sty
Package: placeins 2005/04/18  v 2.2
))
(/usr/share/texlive/texmf-dist/tex/latex/pdfpages/pdfpages.sty
Package: pdfpages 2025/01/30 v0.6e Insert pages of external PDF documents (AM)

(/usr/share/texlive/texmf-dist/tex/latex/base/ifthen.sty
Package: ifthen 2024/03/16 v1.1e Standard LaTeX ifthen package (DPC)
)
(/usr/share/texlive/texmf-dist/tex/latex/tools/calc.sty
Package: calc 2023/07/08 v4.3 Infix arithmetic (KKT,FJ)
\calc@Acount=\count309
\calc@Bcount=\count310
\calc@Adimen=\dimen195
\calc@Bdimen=\dimen196
\calc@Askip=\skip91
\calc@Bskip=\skip92
LaTeX Info: Redefining \setlength on input line 80.
LaTeX Info: Redefining \addtolength on input line 81.
\calc@Ccount=\count311
\calc@Cskip=\skip93
)
(/usr/share/texlive/texmf-dist/tex/latex/eso-pic/eso-pic.sty
Package: eso-pic 2023/05/03 v3.0c eso-pic (RN)
\ESO@tempdima=\dimen197
\ESO@tempdimb=\dimen198
)
\AM@pagewidth=\dimen199
\AM@pageheight=\dimen256
\AM@fboxrule=\dimen257

(/usr/share/texlive/texmf-dist/tex/latex/pdfpages/pppdftex.def
File: pppdftex.def 2025/01/30 v0.6e Pdfpages driver for pdfTeX (AM)
)
\pdfpages@includegraphics@status=\count312
\AM@pagebox=\box64
\AM@global@opts=\toks28
\AM@pagecnt=\count313
\AM@toc@title=\toks29
\AM@lof@heading=\toks30
\c@AM@survey=\count314
\AM@templatesizebox=\box65
)
(/usr/share/texlive/texmf-dist/tex/latex/l3backend/l3backend-pdftex.def
File: l3backend-pdftex.def 2024-05-08 L3 backend support: PDF output (pdfTeX)
\l__color_backend_stack_int=\count315
\l__pdf_internal_box=\box66
)
(output/main.aux)
\openout1 = `main.aux'.

LaTeX Font Info:    Checking defaults for OML/cmm/m/it on input line 14.
LaTeX Font Info:    ... okay on input line 14.
LaTeX Font Info:    Checking defaults for OMS/cmsy/m/n on input line 14.
LaTeX Font Info:    ... okay on input line 14.
LaTeX Font Info:    Checking defaults for OT1/cmr/m/n on input line 14.
LaTeX Font Info:    ... okay on input line 14.
LaTeX Font Info:    Checking defaults for T1/cmr/m/n on input line 14.
LaTeX Font Info:    ... okay on input line 14.
LaTeX Font Info:    Checking defaults for TS1/cmr/m/n on input line 14.
LaTeX Font Info:    ... okay on input line 14.
LaTeX Font Info:    Checking defaults for OMX/cmex/m/n on input line 14.
LaTeX Font Info:    ... okay on input line 14.
LaTeX Font Info:    Checking defaults for U/cmr/m/n on input line 14.
LaTeX Font Info:    ... okay on input line 14.
LaTeX Font Info:    Checking defaults for PD1/pdf/m/n on input line 14.
LaTeX Font Info:    ... okay on input line 14.
LaTeX Font Info:    Checking defaults for PU/pdf/m/n on input line 14.
LaTeX Font Info:    ... okay on input line 14.
\big@size=\dimen258

*geometry* driver: auto-detecting
*geometry* detected driver: pdftex
*geometry* verbose mode - [ preamble ] result:
* driver: pdftex
* paper: a4paper
* layout: <same size as paper>
* layoutoffset:(h,v)=(0.0pt,0.0pt)
* modes: 
* h-part:(L,W,R)=(90.3375pt, 434.90039pt, 72.26999pt)
* v-part:(T,H,B)=(72.26999pt, 700.50687pt, 72.26999pt)
* \paperwidth=597.50787pt
* \paperheight=845.04684pt
* \textwidth=434.90039pt
* \textheight=700.50687pt
* \oddsidemargin=18.0675pt
* \evensidemargin=18.0675pt
* \topmargin=-37.0pt
* \headheight=12.0pt
* \headsep=25.0pt
* \topskip=12.0pt
* \footskip=30.0pt
* \marginparwidth=35.0pt
* \marginparsep=10.0pt
* \columnsep=10.0pt
* \skip\footins=10.8pt plus 4.0pt minus 2.0pt
* \hoffset=0.0pt
* \voffset=0.0pt
* \mag=1000
* \@twocolumnfalse
* \@twosidefalse
* \@mparswitchfalse
* \@reversemarginfalse
* (1in=72.27pt=25.4mm, 1cm=28.453pt)

(/usr/share/texlive/texmf-dist/tex/context/base/mkii/supp-pdf.mkii
[Loading MPS to PDF converter (version 2006.09.02).]
\scratchcounter=\count316
\scratchdimen=\dimen259
\scratchbox=\box67
\nofMPsegments=\count317
\nofMParguments=\count318
\everyMPshowfont=\toks31
\MPscratchCnt=\count319
\MPscratchDim=\dimen260
\MPnumerator=\count320
\makeMPintoPDFobject=\count321
\everyMPtoPDFconversion=\toks32
) (/usr/share/texlive/texmf-dist/tex/latex/epstopdf-pkg/epstopdf-base.sty
Package: epstopdf-base 2020-01-24 v2.11 Base part for package epstopdf
Package epstopdf-base Info: Redefining graphics rule for `.eps' on input line 4
85.

(/usr/share/texlive/texmf-dist/tex/latex/latexconfig/epstopdf-sys.cfg
File: epstopdf-sys.cfg 2010/07/13 v1.3 Configuration of (r)epstopdf for TeX Liv
e
))
\c@lstlisting=\count322
Package hyperref Info: Link coloring ON on input line 14.

(output/main.out) (output/main.out)
\@outlinefile=\write3
\openout3 = `main.out'.

Package caption Info: Begin \AtBeginDocument code.
Package caption Info: float package is loaded.
Package caption Info: End \AtBeginDocument code.

(/usr/share/texlive/texmf-dist/tex/latex/pdflscape/pdflscape.sty
Package: pdflscape 2022-10-27 v0.13 Display of landscape pages in PDF

(/usr/share/texlive/texmf-dist/tex/latex/pdflscape/pdflscape-nometadata.sty
Package: pdflscape-nometadata 2022-10-28 v0.13 Display of landscape pages in PD
F (HO)

(/usr/share/texlive/texmf-dist/tex/latex/graphics/lscape.sty
Package: lscape 2020/05/28 v3.02 Landscape Pages (DPC)
)
Package pdflscape Info: Auto-detected driver: pdftex on input line 81.
))
(./preliminaries/cover.tex)

[1

{/var/lib/texmf/fonts/map/pdftex/updmap/pdftex.map}{/usr/share/texlive/texmf-di
st/fonts/enc/dvips/base/8r.enc}] (./preliminaries/title.tex)

[2] (./preliminaries/declaration.tex
LaTeX Font Info:    Trying to load font information for OT1+ztmcm on input line
 27.

(/usr/share/texlive/texmf-dist/tex/latex/psnfss/ot1ztmcm.fd
File: ot1ztmcm.fd 2000/01/03 Fontinst v1.801 font definitions for OT1/ztmcm.
)
LaTeX Font Info:    Trying to load font information for OML+ztmcm on input line
 27.

(/usr/share/texlive/texmf-dist/tex/latex/psnfss/omlztmcm.fd
File: omlztmcm.fd 2000/01/03 Fontinst v1.801 font definitions for OML/ztmcm.
)
LaTeX Font Info:    Trying to load font information for OMS+ztmcm on input line
 27.

(/usr/share/texlive/texmf-dist/tex/latex/psnfss/omsztmcm.fd
File: omsztmcm.fd 2000/01/03 Fontinst v1.801 font definitions for OMS/ztmcm.
)
LaTeX Font Info:    Trying to load font information for OMX+ztmcm on input line
 27.

(/usr/share/texlive/texmf-dist/tex/latex/psnfss/omxztmcm.fd
File: omxztmcm.fd 2000/01/03 Fontinst v1.801 font definitions for OMX/ztmcm.
)
LaTeX Font Info:    Trying to load font information for OT1+ptm on input line 2
7.

(/usr/share/texlive/texmf-dist/tex/latex/psnfss/ot1ptm.fd
File: ot1ptm.fd 2001/06/04 font definitions for OT1/ptm.
)
LaTeX Font Info:    Font shape `OT1/ptm/bx/n' in size <12> not available
(Font)              Font shape `OT1/ptm/b/n' tried instead on input line 27.
LaTeX Font Info:    Font shape `OT1/ptm/bx/n' in size <9> not available
(Font)              Font shape `OT1/ptm/b/n' tried instead on input line 27.
LaTeX Font Info:    Font shape `OT1/ptm/bx/n' in size <7> not available
(Font)              Font shape `OT1/ptm/b/n' tried instead on input line 27.
)
Overfull \hbox (12.0pt too wide) in paragraph at lines 26--32
[]
 []


Underfull \hbox (badness 10000) in paragraph at lines 26--32

 []



[3

] (./preliminaries/supervisor-recommendation.tex)
Overfull \hbox (12.0pt too wide) in paragraph at lines 22--36
[]
 []


Underfull \hbox (badness 10000) in paragraph at lines 22--36

 []



[4

] (./preliminaries/examiner-approval.tex
Overfull \hbox (12.0pt too wide) in paragraph at lines 22--27
[] 
 []

)
Overfull \hbox (12.0pt too wide) in paragraph at lines 30--40
[]
 []


Underfull \hbox (badness 10000) in paragraph at lines 30--40

 []



[5

]

[6] (./preliminaries/acknowledgement.tex
Overfull \hbox (8.0518pt too wide) in paragraph at lines 18--19
\T1/ptm/m/n/12 [Col-lege Name] for pro-vid-ing the aca-demic foun-da-tion nec-e
s-sary for un-der-tak-ing this project.
 []

)

[7

] (./preliminaries/abstract.tex)

[8

] (output/main.toc

[9

]

[10])
\tf@toc=\write4
\openout4 = `main.toc'.



[11] (output/main.lot)
\tf@lot=\write5
\openout5 = `main.lot'.



[12

] (output/main.lof)
\tf@lof=\write6
\openout6 = `main.lof'.



[13

] (./preliminaries/abbreviations.tex)

[14

] (./chapters/01-introduction.tex
Chapter 1.


[1

]
LaTeX Font Info:    Trying to load font information for TS1+ptm on input line 5
8.
 (/usr/share/texlive/texmf-dist/tex/latex/psnfss/ts1ptm.fd
File: ts1ptm.fd 2001/06/04 font definitions for TS1/ptm.
)

[2]

[3]) (./chapters/02-background-literature.tex

[4]
Chapter 2.

LaTeX Warning: Citation `jurafsky2009speech' on page 5 undefined on input line 
11.


LaTeX Warning: Citation `brown2020language' on page 5 undefined on input line 2
4.


LaTeX Warning: Citation `lewis2020retrieval' on page 5 undefined on input line 
37.



[5

]

LaTeX Warning: Citation `react2024' on page 6 undefined on input line 61.


LaTeX Warning: Citation `capacitor2024' on page 6 undefined on input line 73.


LaTeX Warning: Citation `fastapi2024' on page 6 undefined on input line 79.



[6]

LaTeX Warning: Citation `supabase2024' on page 7 undefined on input line 91.


Underfull \hbox (badness 10000) in paragraph at lines 114--114
[]|\T1/ptm/m/n/12 Manual/Bank
 []


Underfull \hbox (badness 10000) in paragraph at lines 118--118
[]|\T1/ptm/m/n/12 Expense Man-
 []


Underfull \hbox (badness 10000) in paragraph at lines 122--122
[]|\T1/ptm/b/n/12 PFM (This
 []


Underfull \hbox (badness 10000) in paragraph at lines 122--122
[]|\T1/ptm/m/n/12 Natural Lan-
 []


LaTeX Warning: Citation `zhang2020nlp' on page 7 undefined on input line 129.



[7]

LaTeX Warning: Citation `gao2023retrieval' on page 8 undefined on input line 13
7.

) (./chapters/03-system-analysis-design.tex

[8]
Chapter 3.
<figures/diagrams/use-case-diagram.png, id=619, 786.94pt x 533.995pt>
File: figures/diagrams/use-case-diagram.png Graphic file (type png)
<use figures/diagrams/use-case-diagram.png>
Package pdftex.def Info: figures/diagrams/use-case-diagram.png  used on input l
ine 22.
(pdftex.def)             Requested size: 434.90039pt x 295.10777pt.

Underfull \hbox (badness 4492) in paragraph at lines 48--49
[]|\T1/ptm/m/n/12 3. Sys-tem ex-tracts
 []


Underfull \hbox (badness 3428) in paragraph at lines 49--50
[]|\T1/ptm/m/n/12 4. Sys-tem dis-plays
 []



[9

 <./figures/diagrams/use-case-diagram.png>]
Underfull \hbox (badness 2635) in paragraph at lines 78--79
[]|\T1/ptm/m/n/12 2. Sys-tem an-a-lyzes
 []



[10]

[11]
<figures/diagrams/class-diagram.png, id=636, 786.94pt x 782.925pt>
File: figures/diagrams/class-diagram.png Graphic file (type png)
<use figures/diagrams/class-diagram.png>
Package pdftex.def Info: figures/diagrams/class-diagram.png  used on input line
 156.
(pdftex.def)             Requested size: 434.90039pt x 432.67682pt.


[12]
<figures/diagrams/sequence-diagram.png, id=642, 786.94pt x 610.28pt>
File: figures/diagrams/sequence-diagram.png Graphic file (type png)
<use figures/diagrams/sequence-diagram.png>
Package pdftex.def Info: figures/diagrams/sequence-diagram.png  used on input l
ine 180.
(pdftex.def)             Requested size: 434.90039pt x 337.26602pt.


[13 <./figures/diagrams/class-diagram.png>]
<figures/diagrams/state-diagram.png, id=649, 277.035pt x 871.255pt>
File: figures/diagrams/state-diagram.png Graphic file (type png)
<use figures/diagrams/state-diagram.png>
Package pdftex.def Info: figures/diagrams/state-diagram.png  used on input line
 191.
(pdftex.def)             Requested size: 434.90039pt x 1367.74046pt.


[14 <./figures/diagrams/sequence-diagram.png>]
Overfull \vbox (690.83359pt too high) has occurred while \output is active []



[15 <./figures/diagrams/state-diagram.png>]
<figures/diagrams/activity-diagram.png, id=661, 389.455pt x 1756.5625pt>
File: figures/diagrams/activity-diagram.png Graphic file (type png)
<use figures/diagrams/activity-diagram.png>
Package pdftex.def Info: figures/diagrams/activity-diagram.png  used on input l
ine 204.
(pdftex.def)             Requested size: 347.92163pt x 1569.286pt.


[16]
Overfull \vbox (892.37912pt too high) has occurred while \output is active []



[17 <./figures/diagrams/activity-diagram.png>]
<figures/diagrams/system-architecture.png, id=673, 786.94pt x 981.6675pt>
File: figures/diagrams/system-architecture.png Graphic file (type png)
<use figures/diagrams/system-architecture.png>
Package pdftex.def Info: figures/diagrams/system-architecture.png  used on inpu
t line 217.
(pdftex.def)             Requested size: 434.90039pt x 542.51016pt.
<figures/diagrams/component-diagram.png, id=675, 786.94pt x 297.11pt>
File: figures/diagrams/component-diagram.png Graphic file (type png)
<use figures/diagrams/component-diagram.png>
Package pdftex.def Info: figures/diagrams/component-diagram.png  used on input 
line 230.
(pdftex.def)             Requested size: 434.90039pt x 164.1953pt.


[18 <./figures/diagrams/system-architecture.png>]
<figures/diagrams/deployment-diagram.png, id=682, 643.40375pt x 532.99126pt>
File: figures/diagrams/deployment-diagram.png Graphic file (type png)
<use figures/diagrams/deployment-diagram.png>
Package pdftex.def Info: figures/diagrams/deployment-diagram.png  used on input
 line 250.
(pdftex.def)             Requested size: 434.90039pt x 360.28221pt.


[19 <./figures/diagrams/component-diagram.png>]
(/usr/share/texlive/texmf-dist/tex/latex/listings/lstlang1.sty
File: lstlang1.sty 2024/09/23 1.10c listings language file
)
Package hyperref Info: bookmark level for unknown lstlisting defaults to 0 on i
nput line 271.


[20 <./figures/diagrams/deployment-diagram.png>]

[21]) (./chapters/04-implementation-testing.tex

[22]
Chapter 4.


[23

]
LaTeX Font Info:    Font shape `T1/cmtt/bx/n' in size <10.95> not available
(Font)              Font shape `T1/cmtt/m/n' tried instead on input line 125.


[24]

[25]

[26]

[27]
Underfull \hbox (badness 10000) in paragraph at lines 305--305
[]|\T1/ptm/m/n/12 {item: momo,
 []


Underfull \hbox (badness 10000) in paragraph at lines 307--307
\T1/ptm/m/n/12 500, cat-e-gory:
 []


Underfull \hbox (badness 10000) in paragraph at lines 309--309
[]|\T1/ptm/m/n/12 {amount: 1000,
 []


Underfull \hbox (badness 10000) in paragraph at lines 311--311
[]|\T1/ptm/m/n/12 {amount: 5000,
 []


Underfull \hbox (badness 10000) in paragraph at lines 311--311
\T1/ptm/m/n/12 type: loan_given,
 []


Underfull \hbox (badness 10000) in paragraph at lines 313--313
[]|\T1/ptm/m/n/12 ``borrowed 10000
 []


Underfull \hbox (badness 10000) in paragraph at lines 313--313
[]|\T1/ptm/m/n/12 {amount: 10000,
 []


Underfull \hbox (badness 10000) in paragraph at lines 313--313
\T1/ptm/m/n/12 type: loan_taken,
 []


Underfull \hbox (badness 3482) in paragraph at lines 315--315
[]|\T1/ptm/m/n/12 {amount: 100000,
 []


Underfull \hbox (badness 10000) in paragraph at lines 317--317
[]|\T1/ptm/m/n/12 {item: biryani,
 []


Underfull \hbox (badness 10000) in paragraph at lines 317--317
\T1/ptm/m/n/12 amount: 500,
 []



[28]
Underfull \hbox (badness 1221) in paragraph at lines 359--359
[]|\T1/ptm/m/n/12 User lo-gin with valid
 []


Underfull \hbox (badness 10000) in paragraph at lines 365--365
[]|\T1/ptm/m/n/12 Only se-lected cat-e-gory
 []


Underfull \hbox (badness 4416) in paragraph at lines 369--369
[]|\T1/ptm/m/n/12 Group-specific data dis-
 []



[29]

[30])

[31] (./chapters/05-conclusion.tex

[32]
Chapter 5.


[33

]

[34]

[35]) (output/main.bbl

[36]

LaTeX Warning: Empty `thebibliography' environment on input line 3.

) (./appendices/appendix-a-code-samples.tex

[37

]
Appendix A.


[38

]

[39]

[40]

[41]

[42]

[43]) (./appendices/appendix-b-test-cases.tex

[44]
Appendix B.

Underfull \hbox (badness 5374) in paragraph at lines 28--28
[]|\T1/ptm/m/n/12 item: taxi, amount:
 []


Underfull \hbox (badness 10000) in paragraph at lines 34--34
[]|\T1/ptm/m/n/12 item: medicine,
 []


Underfull \hbox (badness 1205) in paragraph at lines 41--41
[]|\T1/ptm/m/n/12 item: lunch, amount:
 []


Underfull \hbox (badness 1205) in paragraph at lines 50--50
[]|\T1/ptm/m/n/12 item: lunch, amount:
 []


Underfull \hbox (badness 10000) in paragraph at lines 52--52
[]|\T1/ptm/m/n/12 paid elec-tric-ity bill
 []


Underfull \hbox (badness 2326) in paragraph at lines 52--52
[]|\T1/ptm/m/n/12 item: elec-tric-ity bill,
 []


Underfull \hbox (badness 2343) in paragraph at lines 57--57
[]|\T1/ptm/m/n/12 amount: 5000, type:
 []


Underfull \hbox (badness 10000) in paragraph at lines 57--57
\T1/ptm/m/n/12 loan_given, per-son:
 []


Underfull \hbox (badness 1454) in paragraph at lines 59--59
[]|\T1/ptm/m/n/12 borrowed 10000 from
 []


Underfull \hbox (badness 2343) in paragraph at lines 61--61
[]|\T1/ptm/m/n/12 amount: 2000, type:
 []


Underfull \hbox (badness 10000) in paragraph at lines 61--61
\T1/ptm/m/n/12 loan_given, per-son:
 []


Underfull \hbox (badness 2671) in paragraph at lines 63--63
[]|\T1/ptm/m/n/12 took loan from bank
 []


Underfull \hbox (badness 5878) in paragraph at lines 68--68
[]|\T1/ptm/m/n/12 amount: 400, type:
 []


Underfull \hbox (badness 5878) in paragraph at lines 70--70
[]|\T1/ptm/m/n/12 amount: 500, type:
 []


Underfull \hbox (badness 2343) in paragraph at lines 72--72
[]|\T1/ptm/m/n/12 amount: 1000, type:
 []


Underfull \hbox (badness 10000) in paragraph at lines 77--77
\T1/ptm/m/n/12 in-come, cat-e-gory:
 []


Underfull \hbox (badness 10000) in paragraph at lines 81--81
[]|\T1/ptm/m/n/12 income from rent
 []


Underfull \hbox (badness 4899) in paragraph at lines 86--86
[]|\T1/ptm/m/n/12 item: rent, amount:
 []


Underfull \hbox (badness 10000) in paragraph at lines 90--90
[]|\T1/ptm/m/n/12 item: shop-ping,
 []


Underfull \hbox (badness 1137) in paragraph at lines 97--97
[]|\T1/ptm/m/n/12 bought shirt for 1500
 []


Underfull \hbox (badness 3281) in paragraph at lines 97--97
[]|\T1/ptm/m/n/12 item: shirt, amount:
 []


Underfull \hbox (badness 10000) in paragraph at lines 99--99
[]|\T1/ptm/m/n/12 item: gro-ceries,
 []


Underfull \hbox (badness 3942) in paragraph at lines 101--101
[]|\T1/ptm/m/n/12 item: movie tick-ets,
 []

[45

] [46] [47]
Underfull \hbox (badness 1418) in paragraph at lines 191--191
[]|\T1/ptm/m/n/12 1. En-ter email/-pass-
 []


Underfull \hbox (badness 10000) in paragraph at lines 191--191
[]|\T1/ptm/m/n/12 Account cre-
 []


Underfull \hbox (badness 10000) in paragraph at lines 191--191
\T1/ptm/m/n/12 ated, lo-gin
 []


Underfull \hbox (badness 5417) in paragraph at lines 193--193
[]|\T1/ptm/m/n/12 Redirected to
 []


Underfull \hbox (badness 10000) in paragraph at lines 200--200
[]|\T1/ptm/m/n/12 Add Ex-pense via
 []


Underfull \hbox (badness 10000) in paragraph at lines 200--200
[]|\T1/ptm/m/n/12 Expense
 []


Underfull \hbox (badness 10000) in paragraph at lines 202--202
[]|\T1/ptm/m/n/12 Expense
 []


Underfull \hbox (badness 10000) in paragraph at lines 204--204
[]|\T1/ptm/m/n/12 Expense
 []


Underfull \hbox (badness 5847) in paragraph at lines 208--208
[]|\T1/ptm/m/n/12 Matching ex-
 []


Underfull \hbox (badness 10000) in paragraph at lines 213--213
[]|\T1/ptm/m/n/12 New group
 []


Underfull \hbox (badness 5711) in paragraph at lines 215--215
\T1/ptm/m/n/12 2. Se-lect dif-fer-ent
 []


Underfull \hbox (badness 10000) in paragraph at lines 215--215
[]|\T1/ptm/m/n/12 Group-
 []


Underfull \hbox (badness 10000) in paragraph at lines 215--215
\T1/ptm/m/n/12 specific
 []


Underfull \hbox (badness 3148) in paragraph at lines 217--217
[]|\T1/ptm/m/n/12 1. Click delete on
 []


Underfull \hbox (badness 10000) in paragraph at lines 217--217
[]|\T1/ptm/m/n/12 Group re-
 []


Underfull \hbox (badness 10000) in paragraph at lines 222--222
[]|\T1/ptm/m/n/12 Charts dis-
 []


Underfull \hbox (badness 10000) in paragraph at lines 222--222
\T1/ptm/m/n/12 played cor-
 []


Underfull \hbox (badness 10000) in paragraph at lines 224--224
[]|\T1/ptm/m/n/12 Data fil-tered
 []


Underfull \hbox (badness 10000) in paragraph at lines 229--229
[]|\T1/ptm/m/n/12 Correct to-tal
 []


Underfull \hbox (badness 10000) in paragraph at lines 233--233
[]|\T1/ptm/m/n/12 Specific item
 []

[48]
Underfull \hbox (badness 2922) in paragraph at lines 248--248
[]|\T1/ptm/m/n/12 Parse Re-sponse Time
 []


Underfull \hbox (badness 2922) in paragraph at lines 250--250
[]|\T1/ptm/m/n/12 Parse Re-sponse Time
 []



[49])

[50] (output/main.aux)
 ***********
LaTeX2e <2024-11-01> patch level 2
L3 programming layer <2025-01-18>
 ***********


LaTeX Warning: There were undefined references.

Package rerunfilecheck Info: File `main.out' has not changed.
(rerunfilecheck)             Checksum: F2D7099C4F7998FED606DE6C07238C75;13944.
 ) 
Here is how much of TeX's memory you used:
 16496 strings out of 475178
 261006 string characters out of 5766540
 1120112 words of memory out of 5000000
 38626 multiletter control sequences out of 15000+600000
 598308 words of font info for 82 fonts, out of 8000000 for 9000
 14 hyphenation exceptions out of 8191
 80i,12n,82p,1614b,2146s stack positions out of 10000i,1000n,20000p,200000b,200000s
 </home/gaurav/.texlive2025/texmf-var/fonts/pk/ljfour/jknappen/ec/ectt1200.60
0pk> </home/gaurav/.texlive2025/texmf-var/fonts/pk/ljfour/jknappen/ec/ectt1095.
600pk></usr/share/texlive/texmf-dist/fonts/type1/public/amsfonts/cm/cmsy10.pfb>
</usr/share/texlive/texmf-dist/fonts/type1/urw/times/utmb8a.pfb></usr/share/tex
live/texmf-dist/fonts/type1/urw/times/utmr8a.pfb>
Output written on output/main.pdf (64 pages, 498700 bytes).
PDF statistics:
 1447 PDF objects out of 1728 (max. 8388607)
 1236 compressed objects within 13 object streams
 576 named destinations out of 1000 (max. 500000)
 721 words of extra memory for PDF output out of 10000 (max. 10000000)

