\BOOKMARK [0][-]{chapter*.1}{\376\377\000A\000c\000k\000n\000o\000w\000l\000e\000d\000g\000e\000m\000e\000n\000t}{}% 1
\BOOKMARK [0][-]{chapter*.2}{\376\377\000A\000b\000s\000t\000r\000a\000c\000t}{}% 2
\BOOKMARK [0][-]{chapter*.6}{\376\377\000L\000i\000s\000t\000\040\000o\000f\000\040\000A\000b\000b\000r\000e\000v\000i\000a\000t\000i\000o\000n\000s}{}% 3
\BOOKMARK [0][-]{chapter.1}{\376\377\000I\000N\000T\000R\000O\000D\000U\000C\000T\000I\000O\000N}{}% 4
\BOOKMARK [1][-]{section.1.1}{\376\377\000I\000n\000t\000r\000o\000d\000u\000c\000t\000i\000o\000n}{chapter.1}% 5
\BOOKMARK [1][-]{section.1.2}{\376\377\000P\000r\000o\000b\000l\000e\000m\000\040\000S\000t\000a\000t\000e\000m\000e\000n\000t}{chapter.1}% 6
\BOOKMARK [1][-]{section.1.3}{\376\377\000O\000b\000j\000e\000c\000t\000i\000v\000e\000s}{chapter.1}% 7
\BOOKMARK [1][-]{section.1.4}{\376\377\000S\000c\000o\000p\000e\000\040\000a\000n\000d\000\040\000L\000i\000m\000i\000t\000a\000t\000i\000o\000n}{chapter.1}% 8
\BOOKMARK [2][-]{subsection.1.4.1}{\376\377\000S\000c\000o\000p\000e}{section.1.4}% 9
\BOOKMARK [2][-]{subsection.1.4.2}{\376\377\000L\000i\000m\000i\000t\000a\000t\000i\000o\000n}{section.1.4}% 10
\BOOKMARK [1][-]{section.1.5}{\376\377\000D\000e\000v\000e\000l\000o\000p\000m\000e\000n\000t\000\040\000M\000e\000t\000h\000o\000d\000o\000l\000o\000g\000y}{chapter.1}% 11
\BOOKMARK [1][-]{section.1.6}{\376\377\000R\000e\000p\000o\000r\000t\000\040\000O\000r\000g\000a\000n\000i\000z\000a\000t\000i\000o\000n}{chapter.1}% 12
\BOOKMARK [0][-]{chapter.2}{\376\377\000B\000A\000C\000K\000G\000R\000O\000U\000N\000D\000\040\000S\000T\000U\000D\000Y\000\040\000A\000N\000D\000\040\000L\000I\000T\000E\000R\000A\000T\000U\000R\000E\000\040\000R\000E\000V\000I\000E\000W}{}% 13
\BOOKMARK [1][-]{section.2.1}{\376\377\000B\000a\000c\000k\000g\000r\000o\000u\000n\000d\000\040\000S\000t\000u\000d\000y}{chapter.2}% 14
\BOOKMARK [1][-]{section.2.2}{\376\377\000L\000i\000t\000e\000r\000a\000t\000u\000r\000e\000\040\000R\000e\000v\000i\000e\000w}{chapter.2}% 15
\BOOKMARK [2][-]{subsection.2.2.1}{\376\377\000M\000i\000n\000t\000\040\000\050\000I\000n\000t\000u\000i\000t\000\051}{section.2.2}% 16
\BOOKMARK [2][-]{subsection.2.2.2}{\376\377\000Y\000o\000u\000\040\000N\000e\000e\000d\000\040\000A\000\040\000B\000u\000d\000g\000e\000t\000\040\000\050\000Y\000N\000A\000B\000\051}{section.2.2}% 17
\BOOKMARK [2][-]{subsection.2.2.3}{\376\377\000S\000p\000l\000i\000t\000w\000i\000s\000e}{section.2.2}% 18
\BOOKMARK [2][-]{subsection.2.2.4}{\376\377\000R\000e\000s\000e\000a\000r\000c\000h\000\040\000G\000a\000p}{section.2.2}% 19
\BOOKMARK [0][-]{chapter.3}{\376\377\000S\000Y\000S\000T\000E\000M\000\040\000A\000N\000A\000L\000Y\000S\000I\000S\000\040\000A\000N\000D\000\040\000D\000E\000S\000I\000G\000N}{}% 20
\BOOKMARK [1][-]{section.3.1}{\376\377\000S\000y\000s\000t\000e\000m\000\040\000A\000n\000a\000l\000y\000s\000i\000s}{chapter.3}% 21
\BOOKMARK [2][-]{subsection.3.1.1}{\376\377\000R\000e\000q\000u\000i\000r\000e\000m\000e\000n\000t\000\040\000A\000n\000a\000l\000y\000s\000i\000s}{section.3.1}% 22
\BOOKMARK [2][-]{subsection.3.1.2}{\376\377\000F\000e\000a\000s\000i\000b\000i\000l\000i\000t\000y\000\040\000A\000n\000a\000l\000y\000s\000i\000s}{section.3.1}% 23
\BOOKMARK [2][-]{subsection.3.1.3}{\376\377\000D\000a\000t\000a\000\040\000M\000o\000d\000e\000l\000l\000i\000n\000g\000:\000\040\000E\000R\000\040\000D\000i\000a\000g\000r\000a\000m}{section.3.1}% 24
\BOOKMARK [2][-]{subsection.3.1.4}{\376\377\000P\000r\000o\000c\000e\000s\000s\000\040\000M\000o\000d\000e\000l\000l\000i\000n\000g\000:\000\040\000D\000F\000D}{section.3.1}% 25
\BOOKMARK [2][-]{subsection.3.1.5}{\376\377\000O\000b\000j\000e\000c\000t\000\040\000M\000o\000d\000e\000l\000l\000i\000n\000g\000:\000\040\000O\000b\000j\000e\000c\000t\000\040\000\046\000\040\000C\000l\000a\000s\000s\000\040\000D\000i\000a\000g\000r\000a\000m}{section.3.1}% 26
\BOOKMARK [2][-]{subsection.3.1.6}{\376\377\000D\000y\000n\000a\000m\000i\000c\000\040\000M\000o\000d\000e\000l\000l\000i\000n\000g\000:\000\040\000S\000t\000a\000t\000e\000\040\000\046\000\040\000S\000e\000q\000u\000e\000n\000c\000e\000\040\000D\000i\000a\000g\000r\000a\000m}{section.3.1}% 27
\BOOKMARK [2][-]{subsection.3.1.7}{\376\377\000P\000r\000o\000c\000e\000s\000s\000\040\000M\000o\000d\000e\000l\000l\000i\000n\000g\000:\000\040\000A\000c\000t\000i\000v\000i\000t\000y\000\040\000D\000i\000a\000g\000r\000a\000m}{section.3.1}% 28
\BOOKMARK [1][-]{section.3.2}{\376\377\000S\000y\000s\000t\000e\000m\000\040\000D\000e\000s\000i\000g\000n}{chapter.3}% 29
\BOOKMARK [2][-]{subsection.3.2.1}{\376\377\000A\000r\000c\000h\000i\000t\000e\000c\000t\000u\000r\000a\000l\000\040\000D\000e\000s\000i\000g\000n}{section.3.2}% 30
\BOOKMARK [2][-]{subsection.3.2.2}{\376\377\000D\000a\000t\000a\000b\000a\000s\000e\000\040\000S\000c\000h\000e\000m\000a\000\040\000D\000e\000s\000i\000g\000n}{section.3.2}% 31
\BOOKMARK [2][-]{subsection.3.2.3}{\376\377\000I\000n\000t\000e\000r\000f\000a\000c\000e\000\040\000D\000e\000s\000i\000g\000n\000\040\000\050\000U\000I\000/\000U\000X\000\051}{section.3.2}% 32
\BOOKMARK [2][-]{subsection.3.2.4}{\376\377\000R\000e\000f\000i\000n\000e\000m\000e\000n\000t\000\040\000o\000f\000\040\000C\000l\000a\000s\000s\000e\000s\000\040\000a\000n\000d\000\040\000O\000b\000j\000e\000c\000t}{section.3.2}% 33
\BOOKMARK [2][-]{subsection.3.2.5}{\376\377\000C\000o\000m\000p\000o\000n\000e\000n\000t\000\040\000D\000i\000a\000g\000r\000a\000m}{section.3.2}% 34
\BOOKMARK [2][-]{subsection.3.2.6}{\376\377\000D\000e\000p\000l\000o\000y\000m\000e\000n\000t\000\040\000D\000i\000a\000g\000r\000a\000m}{section.3.2}% 35
\BOOKMARK [1][-]{section.3.3}{\376\377\000A\000l\000g\000o\000r\000i\000t\000h\000m\000\040\000D\000e\000t\000a\000i\000l\000s}{chapter.3}% 36
\BOOKMARK [0][-]{chapter.4}{\376\377\000I\000M\000P\000L\000E\000M\000E\000N\000T\000A\000T\000I\000O\000N\000\040\000A\000N\000D\000\040\000T\000E\000S\000T\000I\000N\000G}{}% 37
\BOOKMARK [1][-]{section.4.1}{\376\377\000I\000m\000p\000l\000e\000m\000e\000n\000t\000a\000t\000i\000o\000n}{chapter.4}% 38
\BOOKMARK [2][-]{subsection.4.1.1}{\376\377\000T\000o\000o\000l\000s\000\040\000U\000s\000e\000d}{section.4.1}% 39
\BOOKMARK [2][-]{subsection.4.1.2}{\376\377\000I\000m\000p\000l\000e\000m\000e\000n\000t\000a\000t\000i\000o\000n\000\040\000D\000e\000t\000a\000i\000l\000s\000\040\000o\000f\000\040\000M\000o\000d\000u\000l\000e\000s}{section.4.1}% 40
\BOOKMARK [1][-]{section.4.2}{\376\377\000T\000e\000s\000t\000i\000n\000g}{chapter.4}% 41
\BOOKMARK [2][-]{subsection.4.2.1}{\376\377\000T\000e\000s\000t\000\040\000C\000a\000s\000e\000s\000\040\000f\000o\000r\000\040\000U\000n\000i\000t\000\040\000T\000e\000s\000t\000i\000n\000g}{section.4.2}% 42
\BOOKMARK [2][-]{subsection.4.2.2}{\376\377\000T\000e\000s\000t\000\040\000C\000a\000s\000e\000s\000\040\000f\000o\000r\000\040\000S\000y\000s\000t\000e\000m\000\040\000T\000e\000s\000t\000i\000n\000g}{section.4.2}% 43
\BOOKMARK [0][-]{chapter.5}{\376\377\000C\000O\000N\000C\000L\000U\000S\000I\000O\000N\000\040\000A\000N\000D\000\040\000F\000U\000T\000U\000R\000E\000\040\000R\000E\000C\000O\000M\000M\000E\000N\000D\000A\000T\000I\000O\000N\000S}{}% 44
\BOOKMARK [1][-]{section.5.1}{\376\377\000C\000o\000n\000c\000l\000u\000s\000i\000o\000n}{chapter.5}% 45
\BOOKMARK [1][-]{section.5.2}{\376\377\000L\000e\000s\000s\000o\000n\000\040\000L\000e\000a\000r\000n\000t\000/\000O\000u\000t\000c\000o\000m\000e}{chapter.5}% 46
\BOOKMARK [1][-]{section.5.3}{\376\377\000F\000u\000t\000u\000r\000e\000\040\000R\000e\000c\000o\000m\000m\000e\000n\000d\000a\000t\000i\000o\000n\000s}{chapter.5}% 47
